[0607/122930.706:INFO:CONSOLE(1)] "Uncaught ReferenceError: start is not defined", source: file:///C:/Users/User/AppData/Local/Google/Chrome%20SxS/Application/93.0.4535.0/ (1)
[0607/122930.706:INFO:CONSOLE(2)] "Uncaught ReferenceError: onHasParentDirectory is not defined", source: file:///C:/Users/User/AppData/Local/Google/Chrome%20SxS/Application/93.0.4535.0/ (2)
[0607/122930.706:INFO:CONSOLE(3)] "Uncaught ReferenceError: addRow is not defined", source: file:///C:/Users/User/AppData/Local/Google/Chrome%20SxS/Application/93.0.4535.0/ (3)
[0607/122930.706:INFO:CONSOLE(4)] "Uncaught ReferenceError: addRow is not defined", source: file:///C:/Users/User/AppData/Local/Google/Chrome%20SxS/Application/93.0.4535.0/ (4)
[0607/122930.722:INFO:CONSOLE(5)] "Uncaught ReferenceError: addRow is not defined", source: file:///C:/Users/User/AppData/Local/Google/Chrome%20SxS/Application/93.0.4535.0/ (5)
[0607/122930.722:INFO:CONSOLE(6)] "Uncaught ReferenceError: addRow is not defined", source: file:///C:/Users/User/AppData/Local/Google/Chrome%20SxS/Application/93.0.4535.0/ (6)
[0607/122930.722:INFO:CONSOLE(7)] "Uncaught ReferenceError: addRow is not defined", source: file:///C:/Users/User/AppData/Local/Google/Chrome%20SxS/Application/93.0.4535.0/ (7)
[0607/122930.722:INFO:CONSOLE(8)] "Uncaught ReferenceError: addRow is not defined", source: file:///C:/Users/User/AppData/Local/Google/Chrome%20SxS/Application/93.0.4535.0/ (8)
[0607/122930.722:INFO:CONSOLE(9)] "Uncaught ReferenceError: addRow is not defined", source: file:///C:/Users/User/AppData/Local/Google/Chrome%20SxS/Application/93.0.4535.0/ (9)
[0607/122930.722:INFO:CONSOLE(10)] "Uncaught ReferenceError: addRow is not defined", source: file:///C:/Users/User/AppData/Local/Google/Chrome%20SxS/Application/93.0.4535.0/ (10)
[0607/122930.722:INFO:CONSOLE(11)] "Uncaught ReferenceError: addRow is not defined", source: file:///C:/Users/User/AppData/Local/Google/Chrome%20SxS/Application/93.0.4535.0/ (11)
[0607/122930.722:INFO:CONSOLE(12)] "Uncaught ReferenceError: addRow is not defined", source: file:///C:/Users/User/AppData/Local/Google/Chrome%20SxS/Application/93.0.4535.0/ (12)
[0607/122930.722:INFO:CONSOLE(13)] "Uncaught ReferenceError: addRow is not defined", source: file:///C:/Users/User/AppData/Local/Google/Chrome%20SxS/Application/93.0.4535.0/ (13)
[0607/122930.722:INFO:CONSOLE(14)] "Uncaught ReferenceError: addRow is not defined", source: file:///C:/Users/User/AppData/Local/Google/Chrome%20SxS/Application/93.0.4535.0/ (14)
[0607/122930.722:INFO:CONSOLE(15)] "Uncaught ReferenceError: addRow is not defined", source: file:///C:/Users/User/AppData/Local/Google/Chrome%20SxS/Application/93.0.4535.0/ (15)
[0607/122930.722:INFO:CONSOLE(16)] "Uncaught ReferenceError: addRow is not defined", source: file:///C:/Users/User/AppData/Local/Google/Chrome%20SxS/Application/93.0.4535.0/ (16)
[0607/122930.722:INFO:CONSOLE(17)] "Uncaught ReferenceError: addRow is not defined", source: file:///C:/Users/User/AppData/Local/Google/Chrome%20SxS/Application/93.0.4535.0/ (17)
[0607/122930.722:INFO:CONSOLE(18)] "Uncaught ReferenceError: addRow is not defined", source: file:///C:/Users/User/AppData/Local/Google/Chrome%20SxS/Application/93.0.4535.0/ (18)
[0607/122930.722:INFO:CONSOLE(19)] "Uncaught ReferenceError: addRow is not defined", source: file:///C:/Users/User/AppData/Local/Google/Chrome%20SxS/Application/93.0.4535.0/ (19)
[0607/122930.722:INFO:CONSOLE(20)] "Uncaught ReferenceError: addRow is not defined", source: file:///C:/Users/User/AppData/Local/Google/Chrome%20SxS/Application/93.0.4535.0/ (20)
[0607/122930.722:INFO:CONSOLE(21)] "Uncaught ReferenceError: addRow is not defined", source: file:///C:/Users/User/AppData/Local/Google/Chrome%20SxS/Application/93.0.4535.0/ (21)
[0607/122930.722:INFO:CONSOLE(22)] "Uncaught ReferenceError: addRow is not defined", source: file:///C:/Users/User/AppData/Local/Google/Chrome%20SxS/Application/93.0.4535.0/ (22)
[0607/122930.722:INFO:CONSOLE(23)] "Uncaught ReferenceError: addRow is not defined", source: file:///C:/Users/User/AppData/Local/Google/Chrome%20SxS/Application/93.0.4535.0/ (23)
[0607/122930.723:INFO:CONSOLE(24)] "Uncaught ReferenceError: addRow is not defined", source: file:///C:/Users/User/AppData/Local/Google/Chrome%20SxS/Application/93.0.4535.0/ (24)
[0607/122930.723:INFO:CONSOLE(25)] "Uncaught ReferenceError: addRow is not defined", source: file:///C:/Users/User/AppData/Local/Google/Chrome%20SxS/Application/93.0.4535.0/ (25)
[0607/122930.723:INFO:CONSOLE(26)] "Uncaught ReferenceError: addRow is not defined", source: file:///C:/Users/User/AppData/Local/Google/Chrome%20SxS/Application/93.0.4535.0/ (26)
[0607/122930.723:INFO:CONSOLE(27)] "Uncaught ReferenceError: addRow is not defined", source: file:///C:/Users/User/AppData/Local/Google/Chrome%20SxS/Application/93.0.4535.0/ (27)
[0607/122930.723:INFO:CONSOLE(28)] "Uncaught ReferenceError: addRow is not defined", source: file:///C:/Users/User/AppData/Local/Google/Chrome%20SxS/Application/93.0.4535.0/ (28)
[0607/122930.723:INFO:CONSOLE(29)] "Uncaught ReferenceError: addRow is not defined", source: file:///C:/Users/User/AppData/Local/Google/Chrome%20SxS/Application/93.0.4535.0/ (29)
[0607/122930.723:INFO:CONSOLE(30)] "Uncaught ReferenceError: addRow is not defined", source: file:///C:/Users/User/AppData/Local/Google/Chrome%20SxS/Application/93.0.4535.0/ (30)
[0607/122930.723:INFO:CONSOLE(31)] "Uncaught ReferenceError: addRow is not defined", source: file:///C:/Users/User/AppData/Local/Google/Chrome%20SxS/Application/93.0.4535.0/ (31)
[0607/122943.248:WARNING:spdy_session.cc(3509)] Received HEADERS for invalid stream 11
[0607/123047.991:WARNING:spdy_session.cc(3243)] Received RST for invalid stream3
